<?xml version="1.0" encoding="UTF-8"?>
<!-- Generated by org.testng.reporters.JUnitReportReporter -->
<testsuite hostname="Dantes-PC" name="testCases.VerifyHomePage" tests="1" failures="0" timestamp="23 Apr 2017 19:11:24 GMT" time="15.856" errors="0">
  <testcase name="testHomePage" time="15.856" classname="testCases.VerifyHomePage"/>
</testsuite> <!-- testCases.VerifyHomePage -->
