<?xml version="1.0" encoding="UTF-8"?>
<!-- Generated by org.testng.reporters.JUnitReportReporter -->
<testsuite hostname="Dantes-PC" name="testCases.VerifyLoginPage" tests="1" failures="0" timestamp="23 Apr 2017 05:33:45 GMT" time="5.311" errors="0">
  <testcase name="testHomePage" time="5.311" classname="testCases.VerifyLoginPage"/>
</testsuite> <!-- testCases.VerifyLoginPage -->
